********************************************************************************
DUPLICATOR-LITE PACKAGE-LOG: November 22, 2023 7:07 pm
NOTICE: Do NOT post to public sites or forums 
********************************************************************************
VERSION:	1.5.7
WORDPRESS:	6.4.1
PHP INFO:	8.0.26 | SAPI: apache2handler
SERVER:		Apache/2.4.54 (Win64) PHP/8.0.26 mod_fcgid/2.3.10-dev 
PHP TIME LIMIT: (0) no time limit imposed 
PHP MAX MEMORY: 4294967296 (512M default) 
MEMORY STACK: 18MB

********************************************************************************
DATABASE:
********************************************************************************
BUILD MODE:   PHP(query limit - 100)
MYSQLTIMEOUT: 5000
MYSQLDUMP:    Not Supported
TABLES: total:34 | filtered:0 | create:34
FILTERED: []
SQL CREATED: 20231122_quasar_ec974ca9d90b6a109023_20231122190620_database.sql
SQL FILE SIZE: 64.52MB (67659125)
SQL FILE TIME: 2023-11-22 19:07:07
SQL RUNTIME: 6.33 sec.

********************************************************************************
ARCHIVE (ZIP):
********************************************************************************
ARCHIVE DIR:  C:/wamp64/www/quasar-ba
ARCHIVE FILE: 20231122_quasar_ec974ca9d90b6a109023_20231122190620_archive.zip
FILTERS: *OFF*
DIRS:
	not set
FILES:
	not set
EXTS:  not set
----------------------------------------
COMPRESSING
SIZE:	182.67MB
STATS:	Dirs 1,433 | Files 8,430
SQL ADDED: 20231122_quasar_ec974ca9d90b6a109023_20231122190620_database.sql
ZipArchive Object
(
    [lastId] => 9862
    [status] => 0
    [statusSys] => 0
    [numFiles] => 9863
    [filename] => C:\wamp64\www\quasar-ba\wp-content\backups-dup-lite\tmp\20231122_quasar_ec974ca9d90b6a109023_20231122190620_archive.zip
    [comment] => 
)

FILE ADDED TO ZIP: 9862
COMPRESSION RESULT: '1'
COMPRESSED SIZE: 59.89MB
ARCHIVE RUNTIME: 227.98 sec.
MEMORY STACK: 20MB
building installer
ARCHIVE CONSISTENCY TEST: PASS

********************************************************************************
INTEGRITY CHECKS:
********************************************************************************
SQL FILE: 64.52MB
INSTALLER FILE: 72.05KB
ARCHIVE FILE: 61.81MB 
EXPECTED FILE/DIRECTORY COUNT: 9,863
ACTUAL FILE/DIRECTORY COUNT: 9,862
ARCHIVE CONSISTENCY TEST: Pass

********************************************************************************
RECORD ID:[2]
TOTAL PROCESS RUNTIME: 238.41 sec.
PEAK PHP MEMORY USED: 28MB
DONE PROCESSING => 20231122_quasar November 22, 2023 7:10 pm

